-------------------------------------------------------------------------------
Test set: com.example.ScannerTest
-------------------------------------------------------------------------------
Tests run: 4, Failures: 1, Errors: 0, Skipped: 0, Time elapsed: 0.034 s <<< FAILURE! - in com.example.ScannerTest
testSetUpFiniteStateMachines(com.example.ScannerTest)  Time elapsed: 0.005 s  <<< FAILURE!
org.opentest4j.AssertionFailedError: expected: <4> but was: <5>
	at com.example.ScannerTest.testSetUpFiniteStateMachines(ScannerTest.java:16)

